Vivado Simulator 2018.2
Copyright 1986-1999, 2001-2018 Xilinx, Inc. All Rights Reserved.
Running: C:/Xilinx/Vivado/2018.2/bin/unwrapped/win64.o/xelab.exe -wto 61f87babb68b4b4288321ec6aadd47f9 --incr --debug typical --relax --mt 2 -L xil_defaultlib -L unisims_ver -L unimacro_ver -L secureip --snapshot pulse_detector_TB_behav xil_defaultlib.pulse_detector_TB xil_defaultlib.glbl -log elaborate.log 
Using 2 slave threads.
Starting static elaboration
Completed static elaboration
Starting simulation data flow analysis
WARNING: [XSIM 43-4100] "C:/Users/Lenovo/Desktop/proj2/HDL-Coder-Self-Guided-Tutorial-master/pulse_detector/work/hdl_prj/hdlsrc/pulse_detector_v4/Pulse_Detector.v" Line 42. Module Pulse_Detector has a timescale but at least one module in design doesn't have timescale.
WARNING: [XSIM 43-4100] "C:/Users/Lenovo/Desktop/proj2/HDL-Coder-Self-Guided-Tutorial-master/pulse_detector/work/hdl_prj/hdlsrc/pulse_detector_v4/Discrete_FIR_Filter.v" Line 23. Module Discrete_FIR_Filter has a timescale but at least one module in design doesn't have timescale.
WARNING: [XSIM 43-4100] "C:/Users/Lenovo/Desktop/proj2/HDL-Coder-Self-Guided-Tutorial-master/pulse_detector/work/hdl_prj/hdlsrc/pulse_detector_v4/Filter.v" Line 21. Module Filter has a timescale but at least one module in design doesn't have timescale.
WARNING: [XSIM 43-4100] "C:/Users/Lenovo/Desktop/proj2/HDL-Coder-Self-Guided-Tutorial-master/pulse_detector/work/hdl_prj/hdlsrc/pulse_detector_v4/FilterCoef.v" Line 21. Module FilterCoef has a timescale but at least one module in design doesn't have timescale.
WARNING: [XSIM 43-4100] "C:/Users/Lenovo/Desktop/proj2/HDL-Coder-Self-Guided-Tutorial-master/pulse_detector/work/hdl_prj/hdlsrc/pulse_detector_v4/subFilter.v" Line 21. Module subFilter has a timescale but at least one module in design doesn't have timescale.
WARNING: [XSIM 43-4100] "C:/Users/Lenovo/Desktop/proj2/HDL-Coder-Self-Guided-Tutorial-master/pulse_detector/work/hdl_prj/hdlsrc/pulse_detector_v4/FilterTapSystolicWvldin.v" Line 21. Module FilterTapSystolicWvldin has a timescale but at least one module in design doesn't have timescale.
WARNING: [XSIM 43-4100] "C:/Users/Lenovo/Desktop/proj2/HDL-Coder-Self-Guided-Tutorial-master/pulse_detector/work/hdl_prj/hdlsrc/pulse_detector_v4/FilterTapSystolicWvldin.v" Line 21. Module FilterTapSystolicWvldin has a timescale but at least one module in design doesn't have timescale.
WARNING: [XSIM 43-4100] "C:/Users/Lenovo/Desktop/proj2/HDL-Coder-Self-Guided-Tutorial-master/pulse_detector/work/hdl_prj/hdlsrc/pulse_detector_v4/FilterTapSystolicWvldin.v" Line 21. Module FilterTapSystolicWvldin has a timescale but at least one module in design doesn't have timescale.
WARNING: [XSIM 43-4100] "C:/Users/Lenovo/Desktop/proj2/HDL-Coder-Self-Guided-Tutorial-master/pulse_detector/work/hdl_prj/hdlsrc/pulse_detector_v4/FilterTapSystolicWvldin.v" Line 21. Module FilterTapSystolicWvldin has a timescale but at least one module in design doesn't have timescale.
WARNING: [XSIM 43-4100] "C:/Users/Lenovo/Desktop/proj2/HDL-Coder-Self-Guided-Tutorial-master/pulse_detector/work/hdl_prj/hdlsrc/pulse_detector_v4/FilterTapSystolicWvldin.v" Line 21. Module FilterTapSystolicWvldin has a timescale but at least one module in design doesn't have timescale.
WARNING: [XSIM 43-4100] "C:/Users/Lenovo/Desktop/proj2/HDL-Coder-Self-Guided-Tutorial-master/pulse_detector/work/hdl_prj/hdlsrc/pulse_detector_v4/FilterTapSystolicWvldin.v" Line 21. Module FilterTapSystolicWvldin has a timescale but at least one module in design doesn't have timescale.
WARNING: [XSIM 43-4100] "C:/Users/Lenovo/Desktop/proj2/HDL-Coder-Self-Guided-Tutorial-master/pulse_detector/work/hdl_prj/hdlsrc/pulse_detector_v4/FilterTapSystolicWvldin.v" Line 21. Module FilterTapSystolicWvldin has a timescale but at least one module in design doesn't have timescale.
WARNING: [XSIM 43-4100] "C:/Users/Lenovo/Desktop/proj2/HDL-Coder-Self-Guided-Tutorial-master/pulse_detector/work/hdl_prj/hdlsrc/pulse_detector_v4/FilterTapSystolicWvldin.v" Line 21. Module FilterTapSystolicWvldin has a timescale but at least one module in design doesn't have timescale.
WARNING: [XSIM 43-4100] "C:/Users/Lenovo/Desktop/proj2/HDL-Coder-Self-Guided-Tutorial-master/pulse_detector/work/hdl_prj/hdlsrc/pulse_detector_v4/FilterTapSystolicWvldin.v" Line 21. Module FilterTapSystolicWvldin has a timescale but at least one module in design doesn't have timescale.
WARNING: [XSIM 43-4100] "C:/Users/Lenovo/Desktop/proj2/HDL-Coder-Self-Guided-Tutorial-master/pulse_detector/work/hdl_prj/hdlsrc/pulse_detector_v4/FilterTapSystolicWvldin.v" Line 21. Module FilterTapSystolicWvldin has a timescale but at least one module in design doesn't have timescale.
WARNING: [XSIM 43-4100] "C:/Users/Lenovo/Desktop/proj2/HDL-Coder-Self-Guided-Tutorial-master/pulse_detector/work/hdl_prj/hdlsrc/pulse_detector_v4/FilterTapSystolicWvldin.v" Line 21. Module FilterTapSystolicWvldin has a timescale but at least one module in design doesn't have timescale.
WARNING: [XSIM 43-4100] "C:/Users/Lenovo/Desktop/proj2/HDL-Coder-Self-Guided-Tutorial-master/pulse_detector/work/hdl_prj/hdlsrc/pulse_detector_v4/FilterTapSystolicWvldin.v" Line 21. Module FilterTapSystolicWvldin has a timescale but at least one module in design doesn't have timescale.
WARNING: [XSIM 43-4100] "C:/Users/Lenovo/Desktop/proj2/HDL-Coder-Self-Guided-Tutorial-master/pulse_detector/work/hdl_prj/hdlsrc/pulse_detector_v4/FilterTapSystolicWvldin.v" Line 21. Module FilterTapSystolicWvldin has a timescale but at least one module in design doesn't have timescale.
WARNING: [XSIM 43-4100] "C:/Users/Lenovo/Desktop/proj2/HDL-Coder-Self-Guided-Tutorial-master/pulse_detector/work/hdl_prj/hdlsrc/pulse_detector_v4/FilterTapSystolicWvldin.v" Line 21. Module FilterTapSystolicWvldin has a timescale but at least one module in design doesn't have timescale.
WARNING: [XSIM 43-4100] "C:/Users/Lenovo/Desktop/proj2/HDL-Coder-Self-Guided-Tutorial-master/pulse_detector/work/hdl_prj/hdlsrc/pulse_detector_v4/FilterTapSystolicWvldin.v" Line 21. Module FilterTapSystolicWvldin has a timescale but at least one module in design doesn't have timescale.
WARNING: [XSIM 43-4100] "C:/Users/Lenovo/Desktop/proj2/HDL-Coder-Self-Guided-Tutorial-master/pulse_detector/work/hdl_prj/hdlsrc/pulse_detector_v4/FilterTapSystolicWvldin.v" Line 21. Module FilterTapSystolicWvldin has a timescale but at least one module in design doesn't have timescale.
WARNING: [XSIM 43-4100] "C:/Users/Lenovo/Desktop/proj2/HDL-Coder-Self-Guided-Tutorial-master/pulse_detector/work/hdl_prj/hdlsrc/pulse_detector_v4/FilterTapSystolicWvldin.v" Line 21. Module FilterTapSystolicWvldin has a timescale but at least one module in design doesn't have timescale.
WARNING: [XSIM 43-4100] "C:/Users/Lenovo/Desktop/proj2/HDL-Coder-Self-Guided-Tutorial-master/pulse_detector/work/hdl_prj/hdlsrc/pulse_detector_v4/FilterTapSystolicWvldin.v" Line 21. Module FilterTapSystolicWvldin has a timescale but at least one module in design doesn't have timescale.
WARNING: [XSIM 43-4100] "C:/Users/Lenovo/Desktop/proj2/HDL-Coder-Self-Guided-Tutorial-master/pulse_detector/work/hdl_prj/hdlsrc/pulse_detector_v4/FilterTapSystolicWvldin.v" Line 21. Module FilterTapSystolicWvldin has a timescale but at least one module in design doesn't have timescale.
WARNING: [XSIM 43-4100] "C:/Users/Lenovo/Desktop/proj2/HDL-Coder-Self-Guided-Tutorial-master/pulse_detector/work/hdl_prj/hdlsrc/pulse_detector_v4/FilterTapSystolicWvldin.v" Line 21. Module FilterTapSystolicWvldin has a timescale but at least one module in design doesn't have timescale.
WARNING: [XSIM 43-4100] "C:/Users/Lenovo/Desktop/proj2/HDL-Coder-Self-Guided-Tutorial-master/pulse_detector/work/hdl_prj/hdlsrc/pulse_detector_v4/FilterTapSystolicWvldin.v" Line 21. Module FilterTapSystolicWvldin has a timescale but at least one module in design doesn't have timescale.
WARNING: [XSIM 43-4100] "C:/Users/Lenovo/Desktop/proj2/HDL-Coder-Self-Guided-Tutorial-master/pulse_detector/work/hdl_prj/hdlsrc/pulse_detector_v4/FilterTapSystolicWvldin.v" Line 21. Module FilterTapSystolicWvldin has a timescale but at least one module in design doesn't have timescale.
WARNING: [XSIM 43-4100] "C:/Users/Lenovo/Desktop/proj2/HDL-Coder-Self-Guided-Tutorial-master/pulse_detector/work/hdl_prj/hdlsrc/pulse_detector_v4/FilterTapSystolicWvldin.v" Line 21. Module FilterTapSystolicWvldin has a timescale but at least one module in design doesn't have timescale.
WARNING: [XSIM 43-4100] "C:/Users/Lenovo/Desktop/proj2/HDL-Coder-Self-Guided-Tutorial-master/pulse_detector/work/hdl_prj/hdlsrc/pulse_detector_v4/FilterTapSystolicWvldin.v" Line 21. Module FilterTapSystolicWvldin has a timescale but at least one module in design doesn't have timescale.
WARNING: [XSIM 43-4100] "C:/Users/Lenovo/Desktop/proj2/HDL-Coder-Self-Guided-Tutorial-master/pulse_detector/work/hdl_prj/hdlsrc/pulse_detector_v4/FilterTapSystolicWvldin.v" Line 21. Module FilterTapSystolicWvldin has a timescale but at least one module in design doesn't have timescale.
WARNING: [XSIM 43-4100] "C:/Users/Lenovo/Desktop/proj2/HDL-Coder-Self-Guided-Tutorial-master/pulse_detector/work/hdl_prj/hdlsrc/pulse_detector_v4/FilterTapSystolicWvldin.v" Line 21. Module FilterTapSystolicWvldin has a timescale but at least one module in design doesn't have timescale.
WARNING: [XSIM 43-4100] "C:/Users/Lenovo/Desktop/proj2/HDL-Coder-Self-Guided-Tutorial-master/pulse_detector/work/hdl_prj/hdlsrc/pulse_detector_v4/FilterTapSystolicWvldin.v" Line 21. Module FilterTapSystolicWvldin has a timescale but at least one module in design doesn't have timescale.
WARNING: [XSIM 43-4100] "C:/Users/Lenovo/Desktop/proj2/HDL-Coder-Self-Guided-Tutorial-master/pulse_detector/work/hdl_prj/hdlsrc/pulse_detector_v4/FilterTapSystolicWvldin.v" Line 21. Module FilterTapSystolicWvldin has a timescale but at least one module in design doesn't have timescale.
WARNING: [XSIM 43-4100] "C:/Users/Lenovo/Desktop/proj2/HDL-Coder-Self-Guided-Tutorial-master/pulse_detector/work/hdl_prj/hdlsrc/pulse_detector_v4/FilterTapSystolicWvldin.v" Line 21. Module FilterTapSystolicWvldin has a timescale but at least one module in design doesn't have timescale.
WARNING: [XSIM 43-4100] "C:/Users/Lenovo/Desktop/proj2/HDL-Coder-Self-Guided-Tutorial-master/pulse_detector/work/hdl_prj/hdlsrc/pulse_detector_v4/FilterTapSystolicWvldin.v" Line 21. Module FilterTapSystolicWvldin has a timescale but at least one module in design doesn't have timescale.
WARNING: [XSIM 43-4100] "C:/Users/Lenovo/Desktop/proj2/HDL-Coder-Self-Guided-Tutorial-master/pulse_detector/work/hdl_prj/hdlsrc/pulse_detector_v4/FilterTapSystolicWvldin.v" Line 21. Module FilterTapSystolicWvldin has a timescale but at least one module in design doesn't have timescale.
WARNING: [XSIM 43-4100] "C:/Users/Lenovo/Desktop/proj2/HDL-Coder-Self-Guided-Tutorial-master/pulse_detector/work/hdl_prj/hdlsrc/pulse_detector_v4/FilterTapSystolicWvldin.v" Line 21. Module FilterTapSystolicWvldin has a timescale but at least one module in design doesn't have timescale.
WARNING: [XSIM 43-4100] "C:/Users/Lenovo/Desktop/proj2/HDL-Coder-Self-Guided-Tutorial-master/pulse_detector/work/hdl_prj/hdlsrc/pulse_detector_v4/FilterTapSystolicWvldin.v" Line 21. Module FilterTapSystolicWvldin has a timescale but at least one module in design doesn't have timescale.
WARNING: [XSIM 43-4100] "C:/Users/Lenovo/Desktop/proj2/HDL-Coder-Self-Guided-Tutorial-master/pulse_detector/work/hdl_prj/hdlsrc/pulse_detector_v4/FilterTapSystolicWvldin.v" Line 21. Module FilterTapSystolicWvldin has a timescale but at least one module in design doesn't have timescale.
WARNING: [XSIM 43-4100] "C:/Users/Lenovo/Desktop/proj2/HDL-Coder-Self-Guided-Tutorial-master/pulse_detector/work/hdl_prj/hdlsrc/pulse_detector_v4/FilterTapSystolicWvldin.v" Line 21. Module FilterTapSystolicWvldin has a timescale but at least one module in design doesn't have timescale.
WARNING: [XSIM 43-4100] "C:/Users/Lenovo/Desktop/proj2/HDL-Coder-Self-Guided-Tutorial-master/pulse_detector/work/hdl_prj/hdlsrc/pulse_detector_v4/FilterTapSystolicWvldin.v" Line 21. Module FilterTapSystolicWvldin has a timescale but at least one module in design doesn't have timescale.
WARNING: [XSIM 43-4100] "C:/Users/Lenovo/Desktop/proj2/HDL-Coder-Self-Guided-Tutorial-master/pulse_detector/work/hdl_prj/hdlsrc/pulse_detector_v4/FilterTapSystolicWvldin.v" Line 21. Module FilterTapSystolicWvldin has a timescale but at least one module in design doesn't have timescale.
WARNING: [XSIM 43-4100] "C:/Users/Lenovo/Desktop/proj2/HDL-Coder-Self-Guided-Tutorial-master/pulse_detector/work/hdl_prj/hdlsrc/pulse_detector_v4/FilterTapSystolicWvldin.v" Line 21. Module FilterTapSystolicWvldin has a timescale but at least one module in design doesn't have timescale.
WARNING: [XSIM 43-4100] "C:/Users/Lenovo/Desktop/proj2/HDL-Coder-Self-Guided-Tutorial-master/pulse_detector/work/hdl_prj/hdlsrc/pulse_detector_v4/FilterTapSystolicWvldin.v" Line 21. Module FilterTapSystolicWvldin has a timescale but at least one module in design doesn't have timescale.
WARNING: [XSIM 43-4100] "C:/Users/Lenovo/Desktop/proj2/HDL-Coder-Self-Guided-Tutorial-master/pulse_detector/work/hdl_prj/hdlsrc/pulse_detector_v4/FilterTapSystolicWvldin.v" Line 21. Module FilterTapSystolicWvldin has a timescale but at least one module in design doesn't have timescale.
WARNING: [XSIM 43-4100] "C:/Users/Lenovo/Desktop/proj2/HDL-Coder-Self-Guided-Tutorial-master/pulse_detector/work/hdl_prj/hdlsrc/pulse_detector_v4/FilterTapSystolicWvldin.v" Line 21. Module FilterTapSystolicWvldin has a timescale but at least one module in design doesn't have timescale.
WARNING: [XSIM 43-4100] "C:/Users/Lenovo/Desktop/proj2/HDL-Coder-Self-Guided-Tutorial-master/pulse_detector/work/hdl_prj/hdlsrc/pulse_detector_v4/FilterTapSystolicWvldin.v" Line 21. Module FilterTapSystolicWvldin has a timescale but at least one module in design doesn't have timescale.
WARNING: [XSIM 43-4100] "C:/Users/Lenovo/Desktop/proj2/HDL-Coder-Self-Guided-Tutorial-master/pulse_detector/work/hdl_prj/hdlsrc/pulse_detector_v4/FilterTapSystolicWvldin.v" Line 21. Module FilterTapSystolicWvldin has a timescale but at least one module in design doesn't have timescale.
WARNING: [XSIM 43-4100] "C:/Users/Lenovo/Desktop/proj2/HDL-Coder-Self-Guided-Tutorial-master/pulse_detector/work/hdl_prj/hdlsrc/pulse_detector_v4/FilterTapSystolicWvldin.v" Line 21. Module FilterTapSystolicWvldin has a timescale but at least one module in design doesn't have timescale.
WARNING: [XSIM 43-4100] "C:/Users/Lenovo/Desktop/proj2/HDL-Coder-Self-Guided-Tutorial-master/pulse_detector/work/hdl_prj/hdlsrc/pulse_detector_v4/FilterTapSystolicWvldin.v" Line 21. Module FilterTapSystolicWvldin has a timescale but at least one module in design doesn't have timescale.
INFO: [Common 17-14] Message 'XSIM 43-4100' appears 50 times and further instances of the messages will be disabled. Use the Tcl command set_msg_config to change the current settings.
Completed simulation data flow analysis
Time Resolution for simulation is 1ps
Compiling module xil_defaultlib.FilterCoef
Compiling module xil_defaultlib.FilterTapSystolicWvldin
Compiling module xil_defaultlib.subFilter
Compiling module xil_defaultlib.FilterCoef_block1
Compiling module xil_defaultlib.FilterCoef_block
Compiling module xil_defaultlib.Filter
Compiling module xil_defaultlib.Discrete_FIR_Filter
Compiling module xil_defaultlib.Compute_Power
Compiling module xil_defaultlib.MATLAB_Function
Compiling module xil_defaultlib.Local_Peak
Compiling module xil_defaultlib.Pulse_Detector
Compiling module xil_defaultlib.pulse_detector_TB
Compiling module xil_defaultlib.glbl
Built simulation snapshot pulse_detector_TB_behav
